{"/Users/alex/a3/node-error/lib/index.js":{"path":"/Users/alex/a3/node-error/lib/index.js","s":{"1":1,"2":1,"3":1,"4":1,"5":1,"6":1,"7":1,"8":1,"9":1,"10":3,"11":3,"12":1,"13":0,"14":0,"15":0,"16":0,"17":0,"18":0,"19":0,"20":1,"21":0,"22":1,"23":16,"24":1,"25":18,"26":18,"27":18,"28":16,"29":16,"30":2,"31":16,"32":0,"33":16,"34":2,"35":16,"36":10,"37":16,"38":1,"39":15,"40":2,"41":2,"42":2,"43":0,"44":0,"45":0,"46":0,"47":0,"48":0,"49":0,"50":0,"51":0,"52":0,"53":2,"54":2,"55":5,"56":5,"57":5,"58":5,"59":5,"60":2,"61":2,"62":1,"63":17,"64":1,"65":10,"66":10,"67":10,"68":0,"69":10,"70":10,"71":0,"72":10,"73":110,"74":110,"75":66,"76":48,"77":62,"78":8,"79":54,"80":54,"81":54,"82":18,"83":54,"84":10,"85":10,"86":54,"87":1,"88":28,"89":28,"90":28,"91":6,"92":22,"93":12,"94":8,"95":14,"96":14,"97":0,"98":14,"99":14,"100":14,"101":14,"102":14,"103":1,"104":1,"105":2,"106":2,"107":14,"108":14,"109":0,"110":0,"111":0,"112":0,"113":14,"114":14,"115":1,"116":2,"117":2,"118":14,"119":1,"120":54,"121":54,"122":54,"123":54,"124":54,"125":44,"126":10,"127":17,"128":14,"129":10,"130":0,"131":0,"132":0,"133":0,"134":0,"135":0,"136":0,"137":1,"138":1,"139":54,"140":54,"141":54,"142":45,"143":45,"144":1,"145":54,"146":10,"147":10,"148":10,"149":10,"150":44,"151":1,"152":45,"153":45,"154":45,"155":45,"156":44,"157":1,"158":1,"159":1,"160":1,"161":0,"162":1,"163":1,"164":1,"165":1,"166":0,"167":1,"168":1,"169":8,"170":1,"171":60,"172":60,"173":52,"174":8,"175":8,"176":0,"177":0,"178":0,"179":0,"180":8,"181":1,"182":1,"183":8,"184":1,"185":1,"186":11,"187":11,"188":11,"189":11,"190":1,"191":0,"192":0,"193":0,"194":0,"195":0,"196":0,"197":0,"198":0,"199":0},"b":{"1":[0,0],"2":[16,2],"3":[2,14],"4":[0,16],"5":[2,14],"6":[0,2],"7":[10,6],"8":[1,15],"9":[16,14],"10":[2,13],"11":[15,3],"12":[2,0],"13":[0,2],"14":[0,0],"15":[0,0],"16":[10,0],"17":[5,0],"18":[2,0],"19":[1,1],"20":[0,10],"21":[0,10],"22":[66,44],"23":[48,18],"24":[66,0],"25":[8,54],"26":[62,48],"27":[48,0],"28":[18,36],"29":[54,44],"30":[10,44],"31":[6,22],"32":[12,10],"33":[8,4],"34":[12,0],"35":[0,14],"36":[14,0],"37":[1,13],"38":[3,0],"39":[2,0],"40":[0,2],"41":[0,14],"42":[1,13],"43":[3,0],"44":[2,0],"45":[0,2],"46":[54,0],"47":[54,0],"48":[44,10],"49":[0,0],"50":[0,0],"51":[45,9],"52":[1,44],"53":[10,44],"54":[10,0],"55":[44,1],"56":[0,1],"57":[0,1],"58":[52,8],"59":[0,8],"60":[0,0],"61":[0,11],"62":[0,0],"63":[0,0]},"f":{"1":1,"2":3,"3":0,"4":0,"5":0,"6":16,"7":18,"8":0,"9":5,"10":10,"11":110,"12":28,"13":54,"14":17,"15":14,"16":10,"17":0,"18":0,"19":54,"20":45,"21":8,"22":60,"23":11,"24":0},"fnMap":{"1":{"name":"(anonymous_1)","line":2,"loc":{"start":{"line":2,"column":1},"end":{"line":2,"column":12}}},"2":{"name":"(anonymous_2)","line":40,"loc":{"start":{"line":40,"column":27},"end":{"line":40,"column":38}}},"3":{"name":"(anonymous_3)","line":45,"loc":{"start":{"line":45,"column":18},"end":{"line":45,"column":32}}},"4":{"name":"(anonymous_4)","line":50,"loc":{"start":{"line":50,"column":24},"end":{"line":50,"column":35}}},"5":{"name":"(anonymous_5)","line":57,"loc":{"start":{"line":57,"column":35},"end":{"line":57,"column":49}}},"6":{"name":"(anonymous_6)","line":61,"loc":{"start":{"line":61,"column":26},"end":{"line":61,"column":40}}},"7":{"name":"(anonymous_7)","line":65,"loc":{"start":{"line":65,"column":11},"end":{"line":65,"column":42}}},"8":{"name":"(anonymous_8)","line":94,"loc":{"start":{"line":94,"column":48},"end":{"line":94,"column":60}}},"9":{"name":"(anonymous_9)","line":105,"loc":{"start":{"line":105,"column":46},"end":{"line":105,"column":58}}},"10":{"name":"(anonymous_10)","line":124,"loc":{"start":{"line":124,"column":22},"end":{"line":124,"column":43}}},"11":{"name":"(anonymous_11)","line":134,"loc":{"start":{"line":134,"column":31},"end":{"line":134,"column":47}}},"12":{"name":"(anonymous_12)","line":157,"loc":{"start":{"line":157,"column":16},"end":{"line":157,"column":32}}},"13":{"name":"(anonymous_13)","line":201,"loc":{"start":{"line":201,"column":13},"end":{"line":201,"column":29}}},"14":{"name":"(anonymous_14)","line":215,"loc":{"start":{"line":215,"column":21},"end":{"line":215,"column":32}}},"15":{"name":"(anonymous_15)","line":218,"loc":{"start":{"line":218,"column":23},"end":{"line":218,"column":34}}},"16":{"name":"(anonymous_16)","line":221,"loc":{"start":{"line":221,"column":25},"end":{"line":221,"column":36}}},"17":{"name":"(anonymous_17)","line":224,"loc":{"start":{"line":224,"column":34},"end":{"line":224,"column":45}}},"18":{"name":"(anonymous_18)","line":234,"loc":{"start":{"line":234,"column":23},"end":{"line":234,"column":34}}},"19":{"name":"(anonymous_19)","line":244,"loc":{"start":{"line":244,"column":22},"end":{"line":244,"column":41}}},"20":{"name":"(anonymous_20)","line":266,"loc":{"start":{"line":266,"column":22},"end":{"line":266,"column":39}}},"21":{"name":"(anonymous_21)","line":292,"loc":{"start":{"line":292,"column":16},"end":{"line":292,"column":27}}},"22":{"name":"(anonymous_22)","line":296,"loc":{"start":{"line":296,"column":17},"end":{"line":296,"column":32}}},"23":{"name":"(anonymous_23)","line":319,"loc":{"start":{"line":319,"column":23},"end":{"line":319,"column":42}}},"24":{"name":"(anonymous_24)","line":326,"loc":{"start":{"line":326,"column":18},"end":{"line":326,"column":35}}}},"statementMap":{"1":{"start":{"line":2,"column":0},"end":{"line":344,"column":14}},"2":{"start":{"line":3,"column":2},"end":{"line":3,"column":251}},"3":{"start":{"line":5,"column":2},"end":{"line":5,"column":21}},"4":{"start":{"line":7,"column":2},"end":{"line":7,"column":25}},"5":{"start":{"line":9,"column":2},"end":{"line":9,"column":29}},"6":{"start":{"line":11,"column":2},"end":{"line":11,"column":36}},"7":{"start":{"line":13,"column":2},"end":{"line":13,"column":42}},"8":{"start":{"line":15,"column":2},"end":{"line":38,"column":4}},"9":{"start":{"line":40,"column":2},"end":{"line":43,"column":4}},"10":{"start":{"line":41,"column":4},"end":{"line":41,"column":48}},"11":{"start":{"line":42,"column":4},"end":{"line":42,"column":58}},"12":{"start":{"line":45,"column":2},"end":{"line":55,"column":4}},"13":{"start":{"line":46,"column":4},"end":{"line":46,"column":15}},"14":{"start":{"line":47,"column":4},"end":{"line":47,"column":35}},"15":{"start":{"line":48,"column":4},"end":{"line":48,"column":31}},"16":{"start":{"line":49,"column":4},"end":{"line":54,"column":5}},"17":{"start":{"line":50,"column":6},"end":{"line":53,"column":34}},"18":{"start":{"line":51,"column":8},"end":{"line":51,"column":62}},"19":{"start":{"line":52,"column":8},"end":{"line":52,"column":50}},"20":{"start":{"line":57,"column":2},"end":{"line":59,"column":4}},"21":{"start":{"line":58,"column":4},"end":{"line":58,"column":33}},"22":{"start":{"line":61,"column":2},"end":{"line":63,"column":4}},"23":{"start":{"line":62,"column":4},"end":{"line":62,"column":23}},"24":{"start":{"line":65,"column":2},"end":{"line":122,"column":4}},"25":{"start":{"line":66,"column":4},"end":{"line":66,"column":50}},"26":{"start":{"line":67,"column":4},"end":{"line":67,"column":35}},"27":{"start":{"line":68,"column":4},"end":{"line":120,"column":5}},"28":{"start":{"line":69,"column":6},"end":{"line":69,"column":27}},"29":{"start":{"line":70,"column":6},"end":{"line":72,"column":7}},"30":{"start":{"line":71,"column":8},"end":{"line":71,"column":33}},"31":{"start":{"line":73,"column":6},"end":{"line":75,"column":7}},"32":{"start":{"line":74,"column":8},"end":{"line":74,"column":37}},"33":{"start":{"line":76,"column":6},"end":{"line":78,"column":7}},"34":{"start":{"line":77,"column":8},"end":{"line":77,"column":58}},"35":{"start":{"line":79,"column":6},"end":{"line":81,"column":7}},"36":{"start":{"line":80,"column":8},"end":{"line":80,"column":48}},"37":{"start":{"line":82,"column":6},"end":{"line":84,"column":7}},"38":{"start":{"line":83,"column":8},"end":{"line":83,"column":19}},"39":{"start":{"line":85,"column":6},"end":{"line":114,"column":7}},"40":{"start":{"line":86,"column":8},"end":{"line":88,"column":9}},"41":{"start":{"line":87,"column":10},"end":{"line":87,"column":20}},"42":{"start":{"line":89,"column":8},"end":{"line":113,"column":9}},"43":{"start":{"line":90,"column":10},"end":{"line":90,"column":27}},"44":{"start":{"line":91,"column":10},"end":{"line":102,"column":11}},"45":{"start":{"line":92,"column":12},"end":{"line":92,"column":29}},"46":{"start":{"line":93,"column":12},"end":{"line":93,"column":67}},"47":{"start":{"line":94,"column":12},"end":{"line":101,"column":26}},"48":{"start":{"line":95,"column":14},"end":{"line":95,"column":34}},"49":{"start":{"line":96,"column":14},"end":{"line":96,"column":28}},"50":{"start":{"line":97,"column":14},"end":{"line":99,"column":15}},"51":{"start":{"line":98,"column":16},"end":{"line":98,"column":44}},"52":{"start":{"line":100,"column":14},"end":{"line":100,"column":30}},"53":{"start":{"line":104,"column":10},"end":{"line":104,"column":69}},"54":{"start":{"line":105,"column":10},"end":{"line":112,"column":24}},"55":{"start":{"line":106,"column":12},"end":{"line":106,"column":32}},"56":{"start":{"line":107,"column":12},"end":{"line":107,"column":26}},"57":{"start":{"line":108,"column":12},"end":{"line":110,"column":13}},"58":{"start":{"line":109,"column":14},"end":{"line":109,"column":42}},"59":{"start":{"line":111,"column":12},"end":{"line":111,"column":28}},"60":{"start":{"line":116,"column":6},"end":{"line":116,"column":64}},"61":{"start":{"line":117,"column":6},"end":{"line":119,"column":7}},"62":{"start":{"line":118,"column":8},"end":{"line":118,"column":27}},"63":{"start":{"line":121,"column":4},"end":{"line":121,"column":15}},"64":{"start":{"line":124,"column":2},"end":{"line":155,"column":4}},"65":{"start":{"line":125,"column":4},"end":{"line":125,"column":24}},"66":{"start":{"line":126,"column":4},"end":{"line":126,"column":35}},"67":{"start":{"line":127,"column":4},"end":{"line":129,"column":5}},"68":{"start":{"line":128,"column":6},"end":{"line":128,"column":32}},"69":{"start":{"line":130,"column":4},"end":{"line":130,"column":29}},"70":{"start":{"line":131,"column":4},"end":{"line":133,"column":5}},"71":{"start":{"line":132,"column":6},"end":{"line":132,"column":33}},"72":{"start":{"line":134,"column":4},"end":{"line":154,"column":16}},"73":{"start":{"line":135,"column":6},"end":{"line":135,"column":32}},"74":{"start":{"line":136,"column":6},"end":{"line":140,"column":7}},"75":{"start":{"line":137,"column":8},"end":{"line":139,"column":9}},"76":{"start":{"line":138,"column":10},"end":{"line":138,"column":20}},"77":{"start":{"line":141,"column":6},"end":{"line":143,"column":7}},"78":{"start":{"line":142,"column":8},"end":{"line":142,"column":18}},"79":{"start":{"line":144,"column":6},"end":{"line":144,"column":28}},"80":{"start":{"line":145,"column":6},"end":{"line":145,"column":30}},"81":{"start":{"line":146,"column":6},"end":{"line":148,"column":7}},"82":{"start":{"line":147,"column":8},"end":{"line":147,"column":34}},"83":{"start":{"line":149,"column":6},"end":{"line":152,"column":7}},"84":{"start":{"line":150,"column":8},"end":{"line":150,"column":31}},"85":{"start":{"line":151,"column":8},"end":{"line":151,"column":32}},"86":{"start":{"line":153,"column":6},"end":{"line":153,"column":17}},"87":{"start":{"line":157,"column":2},"end":{"line":199,"column":4}},"88":{"start":{"line":158,"column":4},"end":{"line":158,"column":89}},"89":{"start":{"line":159,"column":4},"end":{"line":159,"column":35}},"90":{"start":{"line":160,"column":4},"end":{"line":162,"column":5}},"91":{"start":{"line":161,"column":6},"end":{"line":161,"column":16}},"92":{"start":{"line":163,"column":4},"end":{"line":167,"column":5}},"93":{"start":{"line":164,"column":6},"end":{"line":166,"column":7}},"94":{"start":{"line":165,"column":8},"end":{"line":165,"column":18}},"95":{"start":{"line":168,"column":4},"end":{"line":168,"column":49}},"96":{"start":{"line":169,"column":4},"end":{"line":171,"column":5}},"97":{"start":{"line":170,"column":6},"end":{"line":170,"column":16}},"98":{"start":{"line":172,"column":4},"end":{"line":172,"column":73}},"99":{"start":{"line":173,"column":4},"end":{"line":173,"column":13}},"100":{"start":{"line":174,"column":4},"end":{"line":174,"column":41}},"101":{"start":{"line":175,"column":4},"end":{"line":175,"column":36}},"102":{"start":{"line":176,"column":4},"end":{"line":182,"column":5}},"103":{"start":{"line":177,"column":6},"end":{"line":177,"column":37}},"104":{"start":{"line":178,"column":6},"end":{"line":181,"column":7}},"105":{"start":{"line":179,"column":8},"end":{"line":179,"column":70}},"106":{"start":{"line":180,"column":8},"end":{"line":180,"column":48}},"107":{"start":{"line":183,"column":4},"end":{"line":183,"column":66}},"108":{"start":{"line":184,"column":4},"end":{"line":191,"column":5}},"109":{"start":{"line":185,"column":6},"end":{"line":185,"column":46}},"110":{"start":{"line":186,"column":6},"end":{"line":186,"column":43}},"111":{"start":{"line":187,"column":6},"end":{"line":187,"column":59}},"112":{"start":{"line":188,"column":6},"end":{"line":188,"column":40}},"113":{"start":{"line":190,"column":6},"end":{"line":190,"column":18}},"114":{"start":{"line":192,"column":4},"end":{"line":197,"column":5}},"115":{"start":{"line":193,"column":6},"end":{"line":196,"column":7}},"116":{"start":{"line":194,"column":8},"end":{"line":194,"column":70}},"117":{"start":{"line":195,"column":8},"end":{"line":195,"column":48}},"118":{"start":{"line":198,"column":4},"end":{"line":198,"column":15}},"119":{"start":{"line":201,"column":2},"end":{"line":240,"column":4}},"120":{"start":{"line":202,"column":4},"end":{"line":202,"column":33}},"121":{"start":{"line":203,"column":4},"end":{"line":203,"column":69}},"122":{"start":{"line":204,"column":4},"end":{"line":228,"column":5}},"123":{"start":{"line":205,"column":6},"end":{"line":209,"column":9}},"124":{"start":{"line":210,"column":6},"end":{"line":212,"column":7}},"125":{"start":{"line":211,"column":8},"end":{"line":211,"column":20}},"126":{"start":{"line":213,"column":6},"end":{"line":227,"column":8}},"127":{"start":{"line":216,"column":10},"end":{"line":216,"column":33}},"128":{"start":{"line":219,"column":10},"end":{"line":219,"column":31}},"129":{"start":{"line":222,"column":10},"end":{"line":222,"column":33}},"130":{"start":{"line":225,"column":10},"end":{"line":225,"column":33}},"131":{"start":{"line":229,"column":4},"end":{"line":229,"column":53}},"132":{"start":{"line":230,"column":4},"end":{"line":238,"column":5}},"133":{"start":{"line":231,"column":6},"end":{"line":231,"column":37}},"134":{"start":{"line":232,"column":6},"end":{"line":237,"column":8}},"135":{"start":{"line":235,"column":10},"end":{"line":235,"column":24}},"136":{"start":{"line":239,"column":4},"end":{"line":239,"column":16}},"137":{"start":{"line":242,"column":2},"end":{"line":242,"column":22}},"138":{"start":{"line":244,"column":2},"end":{"line":264,"column":4}},"139":{"start":{"line":245,"column":4},"end":{"line":245,"column":42}},"140":{"start":{"line":246,"column":4},"end":{"line":246,"column":48}},"141":{"start":{"line":247,"column":4},"end":{"line":255,"column":5}},"142":{"start":{"line":248,"column":6},"end":{"line":248,"column":53}},"143":{"start":{"line":249,"column":6},"end":{"line":254,"column":7}},"144":{"start":{"line":250,"column":8},"end":{"line":253,"column":10}},"145":{"start":{"line":256,"column":4},"end":{"line":262,"column":5}},"146":{"start":{"line":257,"column":6},"end":{"line":257,"column":64}},"147":{"start":{"line":258,"column":6},"end":{"line":261,"column":7}},"148":{"start":{"line":259,"column":8},"end":{"line":259,"column":99}},"149":{"start":{"line":260,"column":8},"end":{"line":260,"column":27}},"150":{"start":{"line":263,"column":4},"end":{"line":263,"column":16}},"151":{"start":{"line":266,"column":2},"end":{"line":290,"column":4}},"152":{"start":{"line":267,"column":4},"end":{"line":267,"column":77}},"153":{"start":{"line":268,"column":4},"end":{"line":268,"column":36}},"154":{"start":{"line":269,"column":4},"end":{"line":269,"column":67}},"155":{"start":{"line":270,"column":4},"end":{"line":272,"column":5}},"156":{"start":{"line":271,"column":6},"end":{"line":271,"column":18}},"157":{"start":{"line":273,"column":4},"end":{"line":273,"column":32}},"158":{"start":{"line":274,"column":4},"end":{"line":274,"column":27}},"159":{"start":{"line":275,"column":4},"end":{"line":275,"column":52}},"160":{"start":{"line":276,"column":4},"end":{"line":282,"column":5}},"161":{"start":{"line":277,"column":6},"end":{"line":277,"column":100}},"162":{"start":{"line":279,"column":6},"end":{"line":279,"column":33}},"163":{"start":{"line":280,"column":6},"end":{"line":280,"column":67}},"164":{"start":{"line":281,"column":6},"end":{"line":281,"column":61}},"165":{"start":{"line":283,"column":4},"end":{"line":285,"column":5}},"166":{"start":{"line":284,"column":6},"end":{"line":284,"column":18}},"167":{"start":{"line":286,"column":4},"end":{"line":289,"column":6}},"168":{"start":{"line":292,"column":2},"end":{"line":294,"column":4}},"169":{"start":{"line":293,"column":4},"end":{"line":293,"column":41}},"170":{"start":{"line":296,"column":2},"end":{"line":315,"column":4}},"171":{"start":{"line":297,"column":4},"end":{"line":297,"column":26}},"172":{"start":{"line":298,"column":4},"end":{"line":300,"column":5}},"173":{"start":{"line":299,"column":6},"end":{"line":299,"column":37}},"174":{"start":{"line":301,"column":4},"end":{"line":313,"column":5}},"175":{"start":{"line":302,"column":6},"end":{"line":309,"column":7}},"176":{"start":{"line":303,"column":8},"end":{"line":303,"column":35}},"177":{"start":{"line":304,"column":8},"end":{"line":304,"column":37}},"178":{"start":{"line":305,"column":8},"end":{"line":305,"column":23}},"179":{"start":{"line":306,"column":8},"end":{"line":306,"column":68}},"180":{"start":{"line":308,"column":8},"end":{"line":308,"column":49}},"181":{"start":{"line":311,"column":6},"end":{"line":311,"column":18}},"182":{"start":{"line":312,"column":6},"end":{"line":312,"column":22}},"183":{"start":{"line":314,"column":4},"end":{"line":314,"column":46}},"184":{"start":{"line":317,"column":2},"end":{"line":317,"column":25}},"185":{"start":{"line":319,"column":2},"end":{"line":324,"column":4}},"186":{"start":{"line":320,"column":4},"end":{"line":320,"column":24}},"187":{"start":{"line":321,"column":4},"end":{"line":321,"column":40}},"188":{"start":{"line":322,"column":4},"end":{"line":322,"column":39}},"189":{"start":{"line":323,"column":4},"end":{"line":323,"column":68}},"190":{"start":{"line":326,"column":2},"end":{"line":342,"column":4}},"191":{"start":{"line":327,"column":4},"end":{"line":327,"column":24}},"192":{"start":{"line":328,"column":4},"end":{"line":328,"column":66}},"193":{"start":{"line":329,"column":4},"end":{"line":336,"column":5}},"194":{"start":{"line":330,"column":6},"end":{"line":334,"column":9}},"195":{"start":{"line":335,"column":6},"end":{"line":335,"column":112}},"196":{"start":{"line":337,"column":4},"end":{"line":337,"column":54}},"197":{"start":{"line":338,"column":4},"end":{"line":340,"column":5}},"198":{"start":{"line":339,"column":6},"end":{"line":339,"column":74}},"199":{"start":{"line":341,"column":4},"end":{"line":341,"column":18}}},"branchMap":{"1":{"line":49,"type":"if","locations":[{"start":{"line":49,"column":4},"end":{"line":49,"column":4}},{"start":{"line":49,"column":4},"end":{"line":49,"column":4}}]},"2":{"line":68,"type":"if","locations":[{"start":{"line":68,"column":4},"end":{"line":68,"column":4}},{"start":{"line":68,"column":4},"end":{"line":68,"column":4}}]},"3":{"line":70,"type":"if","locations":[{"start":{"line":70,"column":6},"end":{"line":70,"column":6}},{"start":{"line":70,"column":6},"end":{"line":70,"column":6}}]},"4":{"line":73,"type":"if","locations":[{"start":{"line":73,"column":6},"end":{"line":73,"column":6}},{"start":{"line":73,"column":6},"end":{"line":73,"column":6}}]},"5":{"line":76,"type":"if","locations":[{"start":{"line":76,"column":6},"end":{"line":76,"column":6}},{"start":{"line":76,"column":6},"end":{"line":76,"column":6}}]},"6":{"line":77,"type":"cond-expr","locations":[{"start":{"line":77,"column":39},"end":{"line":77,"column":48}},{"start":{"line":77,"column":51},"end":{"line":77,"column":56}}]},"7":{"line":79,"type":"if","locations":[{"start":{"line":79,"column":6},"end":{"line":79,"column":6}},{"start":{"line":79,"column":6},"end":{"line":79,"column":6}}]},"8":{"line":82,"type":"if","locations":[{"start":{"line":82,"column":6},"end":{"line":82,"column":6}},{"start":{"line":82,"column":6},"end":{"line":82,"column":6}}]},"9":{"line":82,"type":"binary-expr","locations":[{"start":{"line":82,"column":10},"end":{"line":82,"column":29}},{"start":{"line":82,"column":33},"end":{"line":82,"column":38}}]},"10":{"line":85,"type":"if","locations":[{"start":{"line":85,"column":6},"end":{"line":85,"column":6}},{"start":{"line":85,"column":6},"end":{"line":85,"column":6}}]},"11":{"line":85,"type":"binary-expr","locations":[{"start":{"line":85,"column":10},"end":{"line":85,"column":19}},{"start":{"line":85,"column":23},"end":{"line":85,"column":40}}]},"12":{"line":86,"type":"if","locations":[{"start":{"line":86,"column":8},"end":{"line":86,"column":8}},{"start":{"line":86,"column":8},"end":{"line":86,"column":8}}]},"13":{"line":89,"type":"if","locations":[{"start":{"line":89,"column":8},"end":{"line":89,"column":8}},{"start":{"line":89,"column":8},"end":{"line":89,"column":8}}]},"14":{"line":97,"type":"cond-expr","locations":[{"start":{"line":97,"column":44},"end":{"line":97,"column":55}},{"start":{"line":97,"column":58},"end":{"line":97,"column":69}}]},"15":{"line":97,"type":"cond-expr","locations":[{"start":{"line":97,"column":88},"end":{"line":97,"column":92}},{"start":{"line":97,"column":95},"end":{"line":97,"column":99}}]},"16":{"line":108,"type":"cond-expr","locations":[{"start":{"line":108,"column":42},"end":{"line":108,"column":53}},{"start":{"line":108,"column":56},"end":{"line":108,"column":67}}]},"17":{"line":108,"type":"cond-expr","locations":[{"start":{"line":108,"column":86},"end":{"line":108,"column":90}},{"start":{"line":108,"column":93},"end":{"line":108,"column":97}}]},"18":{"line":116,"type":"cond-expr","locations":[{"start":{"line":116,"column":39},"end":{"line":116,"column":53}},{"start":{"line":116,"column":56},"end":{"line":116,"column":62}}]},"19":{"line":117,"type":"if","locations":[{"start":{"line":117,"column":6},"end":{"line":117,"column":6}},{"start":{"line":117,"column":6},"end":{"line":117,"column":6}}]},"20":{"line":127,"type":"if","locations":[{"start":{"line":127,"column":4},"end":{"line":127,"column":4}},{"start":{"line":127,"column":4},"end":{"line":127,"column":4}}]},"21":{"line":131,"type":"if","locations":[{"start":{"line":131,"column":4},"end":{"line":131,"column":4}},{"start":{"line":131,"column":4},"end":{"line":131,"column":4}}]},"22":{"line":136,"type":"if","locations":[{"start":{"line":136,"column":6},"end":{"line":136,"column":6}},{"start":{"line":136,"column":6},"end":{"line":136,"column":6}}]},"23":{"line":137,"type":"if","locations":[{"start":{"line":137,"column":8},"end":{"line":137,"column":8}},{"start":{"line":137,"column":8},"end":{"line":137,"column":8}}]},"24":{"line":137,"type":"cond-expr","locations":[{"start":{"line":137,"column":53},"end":{"line":137,"column":83}},{"start":{"line":137,"column":86},"end":{"line":137,"column":92}}]},"25":{"line":141,"type":"if","locations":[{"start":{"line":141,"column":6},"end":{"line":141,"column":6}},{"start":{"line":141,"column":6},"end":{"line":141,"column":6}}]},"26":{"line":141,"type":"binary-expr","locations":[{"start":{"line":141,"column":12},"end":{"line":141,"column":31}},{"start":{"line":141,"column":35},"end":{"line":141,"column":105}}]},"27":{"line":141,"type":"cond-expr","locations":[{"start":{"line":141,"column":77},"end":{"line":141,"column":95}},{"start":{"line":141,"column":98},"end":{"line":141,"column":104}}]},"28":{"line":146,"type":"if","locations":[{"start":{"line":146,"column":6},"end":{"line":146,"column":6}},{"start":{"line":146,"column":6},"end":{"line":146,"column":6}}]},"29":{"line":146,"type":"binary-expr","locations":[{"start":{"line":146,"column":12},"end":{"line":146,"column":15}},{"start":{"line":146,"column":19},"end":{"line":146,"column":44}}]},"30":{"line":149,"type":"if","locations":[{"start":{"line":149,"column":6},"end":{"line":149,"column":6}},{"start":{"line":149,"column":6},"end":{"line":149,"column":6}}]},"31":{"line":160,"type":"if","locations":[{"start":{"line":160,"column":4},"end":{"line":160,"column":4}},{"start":{"line":160,"column":4},"end":{"line":160,"column":4}}]},"32":{"line":163,"type":"if","locations":[{"start":{"line":163,"column":4},"end":{"line":163,"column":4}},{"start":{"line":163,"column":4},"end":{"line":163,"column":4}}]},"33":{"line":164,"type":"if","locations":[{"start":{"line":164,"column":6},"end":{"line":164,"column":6}},{"start":{"line":164,"column":6},"end":{"line":164,"column":6}}]},"34":{"line":164,"type":"cond-expr","locations":[{"start":{"line":164,"column":51},"end":{"line":164,"column":81}},{"start":{"line":164,"column":84},"end":{"line":164,"column":90}}]},"35":{"line":169,"type":"if","locations":[{"start":{"line":169,"column":4},"end":{"line":169,"column":4}},{"start":{"line":169,"column":4},"end":{"line":169,"column":4}}]},"36":{"line":172,"type":"cond-expr","locations":[{"start":{"line":172,"column":31},"end":{"line":172,"column":63}},{"start":{"line":172,"column":66},"end":{"line":172,"column":72}}]},"37":{"line":176,"type":"if","locations":[{"start":{"line":176,"column":4},"end":{"line":176,"column":4}},{"start":{"line":176,"column":4},"end":{"line":176,"column":4}}]},"38":{"line":178,"type":"cond-expr","locations":[{"start":{"line":178,"column":64},"end":{"line":178,"column":75}},{"start":{"line":178,"column":78},"end":{"line":178,"column":89}}]},"39":{"line":178,"type":"cond-expr","locations":[{"start":{"line":178,"column":108},"end":{"line":178,"column":112}},{"start":{"line":178,"column":115},"end":{"line":178,"column":119}}]},"40":{"line":180,"type":"cond-expr","locations":[{"start":{"line":180,"column":31},"end":{"line":180,"column":40}},{"start":{"line":180,"column":43},"end":{"line":180,"column":47}}]},"41":{"line":184,"type":"if","locations":[{"start":{"line":184,"column":4},"end":{"line":184,"column":4}},{"start":{"line":184,"column":4},"end":{"line":184,"column":4}}]},"42":{"line":192,"type":"if","locations":[{"start":{"line":192,"column":4},"end":{"line":192,"column":4}},{"start":{"line":192,"column":4},"end":{"line":192,"column":4}}]},"43":{"line":193,"type":"cond-expr","locations":[{"start":{"line":193,"column":63},"end":{"line":193,"column":74}},{"start":{"line":193,"column":77},"end":{"line":193,"column":88}}]},"44":{"line":193,"type":"cond-expr","locations":[{"start":{"line":193,"column":107},"end":{"line":193,"column":111}},{"start":{"line":193,"column":114},"end":{"line":193,"column":118}}]},"45":{"line":195,"type":"cond-expr","locations":[{"start":{"line":195,"column":31},"end":{"line":195,"column":40}},{"start":{"line":195,"column":43},"end":{"line":195,"column":47}}]},"46":{"line":203,"type":"binary-expr","locations":[{"start":{"line":203,"column":13},"end":{"line":203,"column":32}},{"start":{"line":203,"column":36},"end":{"line":203,"column":68}}]},"47":{"line":204,"type":"if","locations":[{"start":{"line":204,"column":4},"end":{"line":204,"column":4}},{"start":{"line":204,"column":4},"end":{"line":204,"column":4}}]},"48":{"line":210,"type":"if","locations":[{"start":{"line":210,"column":6},"end":{"line":210,"column":6}},{"start":{"line":210,"column":6},"end":{"line":210,"column":6}}]},"49":{"line":229,"type":"binary-expr","locations":[{"start":{"line":229,"column":13},"end":{"line":229,"column":27}},{"start":{"line":229,"column":31},"end":{"line":229,"column":52}}]},"50":{"line":230,"type":"if","locations":[{"start":{"line":230,"column":4},"end":{"line":230,"column":4}},{"start":{"line":230,"column":4},"end":{"line":230,"column":4}}]},"51":{"line":247,"type":"if","locations":[{"start":{"line":247,"column":4},"end":{"line":247,"column":4}},{"start":{"line":247,"column":4},"end":{"line":247,"column":4}}]},"52":{"line":249,"type":"if","locations":[{"start":{"line":249,"column":6},"end":{"line":249,"column":6}},{"start":{"line":249,"column":6},"end":{"line":249,"column":6}}]},"53":{"line":256,"type":"if","locations":[{"start":{"line":256,"column":4},"end":{"line":256,"column":4}},{"start":{"line":256,"column":4},"end":{"line":256,"column":4}}]},"54":{"line":258,"type":"if","locations":[{"start":{"line":258,"column":6},"end":{"line":258,"column":6}},{"start":{"line":258,"column":6},"end":{"line":258,"column":6}}]},"55":{"line":270,"type":"if","locations":[{"start":{"line":270,"column":4},"end":{"line":270,"column":4}},{"start":{"line":270,"column":4},"end":{"line":270,"column":4}}]},"56":{"line":276,"type":"if","locations":[{"start":{"line":276,"column":4},"end":{"line":276,"column":4}},{"start":{"line":276,"column":4},"end":{"line":276,"column":4}}]},"57":{"line":283,"type":"if","locations":[{"start":{"line":283,"column":4},"end":{"line":283,"column":4}},{"start":{"line":283,"column":4},"end":{"line":283,"column":4}}]},"58":{"line":298,"type":"if","locations":[{"start":{"line":298,"column":4},"end":{"line":298,"column":4}},{"start":{"line":298,"column":4},"end":{"line":298,"column":4}}]},"59":{"line":302,"type":"if","locations":[{"start":{"line":302,"column":6},"end":{"line":302,"column":6}},{"start":{"line":302,"column":6},"end":{"line":302,"column":6}}]},"60":{"line":306,"type":"cond-expr","locations":[{"start":{"line":306,"column":43},"end":{"line":306,"column":59}},{"start":{"line":306,"column":62},"end":{"line":306,"column":66}}]},"61":{"line":322,"type":"cond-expr","locations":[{"start":{"line":322,"column":24},"end":{"line":322,"column":32}},{"start":{"line":322,"column":35},"end":{"line":322,"column":37}}]},"62":{"line":329,"type":"if","locations":[{"start":{"line":329,"column":4},"end":{"line":329,"column":4}},{"start":{"line":329,"column":4},"end":{"line":329,"column":4}}]},"63":{"line":338,"type":"if","locations":[{"start":{"line":338,"column":4},"end":{"line":338,"column":4}},{"start":{"line":338,"column":4},"end":{"line":338,"column":4}}]}}}}