TN:
SF:/Users/alex/a3/node-error/lib/index.js
FN:2,(anonymous_1)
FN:40,(anonymous_2)
FN:45,(anonymous_3)
FN:50,(anonymous_4)
FN:57,(anonymous_5)
FN:61,(anonymous_6)
FN:65,(anonymous_7)
FN:94,(anonymous_8)
FN:105,(anonymous_9)
FN:124,(anonymous_10)
FN:134,(anonymous_11)
FN:157,(anonymous_12)
FN:201,(anonymous_13)
FN:215,(anonymous_14)
FN:218,(anonymous_15)
FN:221,(anonymous_16)
FN:224,(anonymous_17)
FN:234,(anonymous_18)
FN:244,(anonymous_19)
FN:266,(anonymous_20)
FN:292,(anonymous_21)
FN:296,(anonymous_22)
FN:319,(anonymous_23)
FN:326,(anonymous_24)
FNF:24
FNH:17
FNDA:1,(anonymous_1)
FNDA:3,(anonymous_2)
FNDA:0,(anonymous_3)
FNDA:0,(anonymous_4)
FNDA:0,(anonymous_5)
FNDA:16,(anonymous_6)
FNDA:18,(anonymous_7)
FNDA:0,(anonymous_8)
FNDA:5,(anonymous_9)
FNDA:10,(anonymous_10)
FNDA:110,(anonymous_11)
FNDA:28,(anonymous_12)
FNDA:54,(anonymous_13)
FNDA:17,(anonymous_14)
FNDA:14,(anonymous_15)
FNDA:10,(anonymous_16)
FNDA:0,(anonymous_17)
FNDA:0,(anonymous_18)
FNDA:54,(anonymous_19)
FNDA:45,(anonymous_20)
FNDA:8,(anonymous_21)
FNDA:60,(anonymous_22)
FNDA:11,(anonymous_23)
FNDA:0,(anonymous_24)
DA:2,1
DA:3,1
DA:5,1
DA:7,1
DA:9,1
DA:11,1
DA:13,1
DA:15,1
DA:40,1
DA:41,3
DA:42,3
DA:45,1
DA:46,0
DA:47,0
DA:48,0
DA:49,0
DA:50,0
DA:51,0
DA:52,0
DA:57,1
DA:58,0
DA:61,1
DA:62,16
DA:65,1
DA:66,18
DA:67,18
DA:68,18
DA:69,16
DA:70,16
DA:71,2
DA:73,16
DA:74,0
DA:76,16
DA:77,2
DA:79,16
DA:80,10
DA:82,16
DA:83,1
DA:85,15
DA:86,2
DA:87,2
DA:89,2
DA:90,0
DA:91,0
DA:92,0
DA:93,0
DA:94,0
DA:95,0
DA:96,0
DA:97,0
DA:98,0
DA:100,0
DA:104,2
DA:105,2
DA:106,5
DA:107,5
DA:108,5
DA:109,5
DA:111,5
DA:116,2
DA:117,2
DA:118,1
DA:121,17
DA:124,1
DA:125,10
DA:126,10
DA:127,10
DA:128,0
DA:130,10
DA:131,10
DA:132,0
DA:134,10
DA:135,110
DA:136,110
DA:137,66
DA:138,48
DA:141,62
DA:142,8
DA:144,54
DA:145,54
DA:146,54
DA:147,18
DA:149,54
DA:150,10
DA:151,10
DA:153,54
DA:157,1
DA:158,28
DA:159,28
DA:160,28
DA:161,6
DA:163,22
DA:164,12
DA:165,8
DA:168,14
DA:169,14
DA:170,0
DA:172,14
DA:173,14
DA:174,14
DA:175,14
DA:176,14
DA:177,1
DA:178,1
DA:179,2
DA:180,2
DA:183,14
DA:184,14
DA:185,0
DA:186,0
DA:187,0
DA:188,0
DA:190,14
DA:192,14
DA:193,1
DA:194,2
DA:195,2
DA:198,14
DA:201,1
DA:202,54
DA:203,54
DA:204,54
DA:205,54
DA:210,54
DA:211,44
DA:213,10
DA:216,17
DA:219,14
DA:222,10
DA:225,0
DA:229,0
DA:230,0
DA:231,0
DA:232,0
DA:235,0
DA:239,0
DA:242,1
DA:244,1
DA:245,54
DA:246,54
DA:247,54
DA:248,45
DA:249,45
DA:250,1
DA:256,54
DA:257,10
DA:258,10
DA:259,10
DA:260,10
DA:263,44
DA:266,1
DA:267,45
DA:268,45
DA:269,45
DA:270,45
DA:271,44
DA:273,1
DA:274,1
DA:275,1
DA:276,1
DA:277,0
DA:279,1
DA:280,1
DA:281,1
DA:283,1
DA:284,0
DA:286,1
DA:292,1
DA:293,8
DA:296,1
DA:297,60
DA:298,60
DA:299,52
DA:301,8
DA:302,8
DA:303,0
DA:304,0
DA:305,0
DA:306,0
DA:308,8
DA:311,1
DA:312,1
DA:314,8
DA:317,1
DA:319,1
DA:320,11
DA:321,11
DA:322,11
DA:323,11
DA:326,1
DA:327,0
DA:328,0
DA:329,0
DA:330,0
DA:335,0
DA:337,0
DA:338,0
DA:339,0
DA:341,0
LF:199
LH:151
BRDA:49,1,0,0
BRDA:49,1,1,0
BRDA:68,2,0,16
BRDA:68,2,1,2
BRDA:70,3,0,2
BRDA:70,3,1,14
BRDA:73,4,0,0
BRDA:73,4,1,16
BRDA:76,5,0,2
BRDA:76,5,1,14
BRDA:77,6,0,0
BRDA:77,6,1,2
BRDA:79,7,0,10
BRDA:79,7,1,6
BRDA:82,8,0,1
BRDA:82,8,1,15
BRDA:82,9,0,16
BRDA:82,9,1,14
BRDA:85,10,0,2
BRDA:85,10,1,13
BRDA:85,11,0,15
BRDA:85,11,1,3
BRDA:86,12,0,2
BRDA:86,12,1,0
BRDA:89,13,0,0
BRDA:89,13,1,2
BRDA:97,14,0,0
BRDA:97,14,1,0
BRDA:97,15,0,0
BRDA:97,15,1,0
BRDA:108,16,0,10
BRDA:108,16,1,0
BRDA:108,17,0,5
BRDA:108,17,1,0
BRDA:116,18,0,2
BRDA:116,18,1,0
BRDA:117,19,0,1
BRDA:117,19,1,1
BRDA:127,20,0,0
BRDA:127,20,1,10
BRDA:131,21,0,0
BRDA:131,21,1,10
BRDA:136,22,0,66
BRDA:136,22,1,44
BRDA:137,23,0,48
BRDA:137,23,1,18
BRDA:137,24,0,66
BRDA:137,24,1,0
BRDA:141,25,0,8
BRDA:141,25,1,54
BRDA:141,26,0,62
BRDA:141,26,1,48
BRDA:141,27,0,48
BRDA:141,27,1,0
BRDA:146,28,0,18
BRDA:146,28,1,36
BRDA:146,29,0,54
BRDA:146,29,1,44
BRDA:149,30,0,10
BRDA:149,30,1,44
BRDA:160,31,0,6
BRDA:160,31,1,22
BRDA:163,32,0,12
BRDA:163,32,1,10
BRDA:164,33,0,8
BRDA:164,33,1,4
BRDA:164,34,0,12
BRDA:164,34,1,0
BRDA:169,35,0,0
BRDA:169,35,1,14
BRDA:172,36,0,14
BRDA:172,36,1,0
BRDA:176,37,0,1
BRDA:176,37,1,13
BRDA:178,38,0,3
BRDA:178,38,1,0
BRDA:178,39,0,2
BRDA:178,39,1,0
BRDA:180,40,0,0
BRDA:180,40,1,2
BRDA:184,41,0,0
BRDA:184,41,1,14
BRDA:192,42,0,1
BRDA:192,42,1,13
BRDA:193,43,0,3
BRDA:193,43,1,0
BRDA:193,44,0,2
BRDA:193,44,1,0
BRDA:195,45,0,0
BRDA:195,45,1,2
BRDA:203,46,0,54
BRDA:203,46,1,0
BRDA:204,47,0,54
BRDA:204,47,1,0
BRDA:210,48,0,44
BRDA:210,48,1,10
BRDA:229,49,0,0
BRDA:229,49,1,0
BRDA:230,50,0,0
BRDA:230,50,1,0
BRDA:247,51,0,45
BRDA:247,51,1,9
BRDA:249,52,0,1
BRDA:249,52,1,44
BRDA:256,53,0,10
BRDA:256,53,1,44
BRDA:258,54,0,10
BRDA:258,54,1,0
BRDA:270,55,0,44
BRDA:270,55,1,1
BRDA:276,56,0,0
BRDA:276,56,1,1
BRDA:283,57,0,0
BRDA:283,57,1,1
BRDA:298,58,0,52
BRDA:298,58,1,8
BRDA:302,59,0,0
BRDA:302,59,1,8
BRDA:306,60,0,0
BRDA:306,60,1,0
BRDA:322,61,0,0
BRDA:322,61,1,11
BRDA:329,62,0,0
BRDA:329,62,1,0
BRDA:338,63,0,0
BRDA:338,63,1,0
BRF:126
BRH:82
end_of_record
